

Started GET "/startups/circle?id=18" for 127.0.0.1 at 2013-08-15 09:01:40 -0700
Connecting to database specified by database.yml
Processing by StartupsController#circle as HTML
  Parameters: {"id"=>"18"}
  [1m[36mUser Load (0.4ms)[0m  [1mSELECT `users`.* FROM `users` WHERE `users`.`id` = 1 LIMIT 1[0m
  [1m[35mOwner Load (0.4ms)[0m  SELECT `owners`.* FROM `owners` WHERE (startup_id = '18' AND user_id = 1)
  [1m[36mStartup Load (0.3ms)[0m  [1mSELECT `startups`.* FROM `startups` WHERE `startups`.`id` = 18 LIMIT 1[0m
  [1m[35mUser Load (0.5ms)[0m  SELECT `users`.* FROM `users` 
  [1m[36mCACHE (0.0ms)[0m  [1mSELECT `users`.* FROM `users` [0m
  [1m[35mUser Load (0.5ms)[0m  SELECT `users`.* FROM `users` INNER JOIN `owners` ON `users`.`id` = `owners`.`user_id` WHERE `owners`.`startup_id` = 18
  [1m[36mUser Load (0.5ms)[0m  [1mSELECT `users`.* FROM `users` INNER JOIN `followers` ON `users`.`id` = `followers`.`user_id` WHERE `followers`.`startup_id` = 18[0m
  Rendered startups/_nav.html.erb (6.3ms)
  [1m[35mTag Load (0.2ms)[0m  SELECT `tags`.* FROM `tags` WHERE `tags`.`startup_id` = 18
  Rendered investors/_people.html.erb (5.6ms)
  Rendered investors/_people.html.erb (2.9ms)
  Rendered investors/_person.html.erb (2.2ms)
  Rendered investors/_person.html.erb (0.0ms)
  Rendered startups/circle.html.erb within layouts/hatcher (119.4ms)
  [1m[36mCACHE (0.0ms)[0m  [1mSELECT `users`.* FROM `users` WHERE `users`.`id` = 1 LIMIT 1[0m
  [1m[35m (0.3ms)[0m  SELECT COUNT(*) FROM `owners` WHERE `owners`.`user_id` = 1
  [1m[36mStartup Load (0.5ms)[0m  [1mSELECT `startups`.* FROM `startups` INNER JOIN `owners` ON `startups`.`id` = `owners`.`startup_id` WHERE `owners`.`user_id` = 1[0m
Completed 200 OK in 526ms (Views: 177.5ms | ActiveRecord: 18.6ms)


Started GET "/assets/bootstrap.css" for 127.0.0.1 at 2013-08-15 09:01:41 -0700
Served asset /bootstrap.css - 304 Not Modified (5ms)


Started GET "/assets/application.css" for 127.0.0.1 at 2013-08-15 09:01:41 -0700
Served asset /application.css - 304 Not Modified (3ms)


Started GET "/assets/application.js" for 127.0.0.1 at 2013-08-15 09:01:41 -0700
Served asset /application.js - 304 Not Modified (44ms)


Started GET "/assets/bootstrap-modal.js" for 127.0.0.1 at 2013-08-15 09:01:41 -0700
Served asset /bootstrap-modal.js - 304 Not Modified (8ms)


Started POST "/circles/add_circle" for 127.0.0.1 at 2013-08-15 09:01:44 -0700
Processing by CirclesController#add_circle as JS
  Parameters: {"utf8"=>"✓", "authenticity_token"=>"xYxHmfRUgZWQY9kvsNzjVoUwsStWKlYcLZVvmAcPO/M=", "circle_status"=>"1", "commit"=>"submit"}
  [1m[35mUser Load (0.4ms)[0m  SELECT `users`.* FROM `users` WHERE `users`.`id` = 1 LIMIT 1
  [1m[36mStartup Load (0.3ms)[0m  [1mSELECT `startups`.* FROM `startups` INNER JOIN `owners` ON `startups`.`id` = `owners`.`startup_id` WHERE `owners`.`user_id` = 1 LIMIT 1[0m
  [1m[35mStartup Load (0.2ms)[0m  SELECT `startups`.* FROM `startups` WHERE `startups`.`id` = 7 LIMIT 1
  [1m[36mUser Load (0.6ms)[0m  [1mSELECT `users`.* FROM `users` INNER JOIN `circles` ON `users`.`id` = `circles`.`user_id` WHERE `circles`.`startup_id` = 7[0m
  Rendered circles/add_circle.js.erb (3.9ms)
Completed 200 OK in 64ms (Views: 15.9ms | ActiveRecord: 38.9ms)


Started POST "/circles/add_circle" for 127.0.0.1 at 2013-08-15 09:01:46 -0700
Processing by CirclesController#add_circle as JS
  Parameters: {"utf8"=>"✓", "authenticity_token"=>"xYxHmfRUgZWQY9kvsNzjVoUwsStWKlYcLZVvmAcPO/M=", "circle_status"=>"0", "commit"=>"submit"}
  [1m[35mUser Load (3.6ms)[0m  SELECT `users`.* FROM `users` WHERE `users`.`id` = 1 LIMIT 1
  [1m[36mStartup Load (1.9ms)[0m  [1mSELECT `startups`.* FROM `startups` INNER JOIN `owners` ON `startups`.`id` = `owners`.`startup_id` WHERE `owners`.`user_id` = 1 LIMIT 1[0m
  [1m[35mStartup Load (0.3ms)[0m  SELECT `startups`.* FROM `startups` WHERE `startups`.`id` = 7 LIMIT 1
  [1m[36mCircle Load (0.5ms)[0m  [1mSELECT `circles`.* FROM `circles` WHERE `circles`.`startup_id` = 7[0m
  [1m[35m (4.7ms)[0m  BEGIN
  [1m[36mSQL (2.8ms)[0m  [1mDELETE FROM `circles` WHERE `circles`.`id` = 176[0m
  [1m[35mSQL (0.3ms)[0m  DELETE FROM `circles` WHERE `circles`.`id` = 179
  [1m[36mSQL (0.2ms)[0m  [1mDELETE FROM `circles` WHERE `circles`.`id` = 182[0m
  [1m[35mSQL (0.1ms)[0m  DELETE FROM `circles` WHERE `circles`.`id` = 183
  [1m[36mSQL (8.2ms)[0m  [1mDELETE FROM `circles` WHERE `circles`.`id` = 184[0m
  [1m[35mSQL (0.3ms)[0m  DELETE FROM `circles` WHERE `circles`.`id` = 185
  [1m[36mSQL (0.5ms)[0m  [1mDELETE FROM `circles` WHERE `circles`.`id` = 186[0m
  [1m[35mSQL (0.2ms)[0m  DELETE FROM `circles` WHERE `circles`.`id` = 187
  [1m[36mSQL (0.2ms)[0m  [1mDELETE FROM `circles` WHERE `circles`.`id` = 188[0m
  [1m[35mSQL (0.1ms)[0m  DELETE FROM `circles` WHERE `circles`.`id` = 189
  [1m[36mSQL (0.2ms)[0m  [1mDELETE FROM `circles` WHERE `circles`.`id` = 190[0m
  [1m[35mSQL (0.2ms)[0m  DELETE FROM `circles` WHERE `circles`.`id` = 191
  [1m[36mSQL (0.2ms)[0m  [1mDELETE FROM `circles` WHERE `circles`.`id` = 192[0m
  [1m[35mSQL (0.6ms)[0m  DELETE FROM `circles` WHERE `circles`.`id` = 193
  [1m[36mSQL (0.7ms)[0m  [1mDELETE FROM `circles` WHERE `circles`.`id` = 194[0m
  [1m[35mSQL (0.2ms)[0m  DELETE FROM `circles` WHERE `circles`.`id` = 195
  [1m[36mSQL (0.2ms)[0m  [1mDELETE FROM `circles` WHERE `circles`.`id` = 196[0m
  [1m[35mSQL (0.1ms)[0m  DELETE FROM `circles` WHERE `circles`.`id` = 197
  [1m[36mSQL (0.2ms)[0m  [1mDELETE FROM `circles` WHERE `circles`.`id` = 198[0m
  [1m[35m (30.4ms)[0m  COMMIT
  [1m[36mUser Load (0.4ms)[0m  [1mSELECT `users`.* FROM `users` INNER JOIN `circles` ON `users`.`id` = `circles`.`user_id` WHERE `circles`.`startup_id` = 7[0m
  Rendered circles/hide_people.js.erb (0.4ms)
Completed 200 OK in 94ms (Views: 4.9ms | ActiveRecord: 57.6ms)


Started POST "/circles/add_circle" for 127.0.0.1 at 2013-08-15 09:01:47 -0700
Processing by CirclesController#add_circle as JS
  Parameters: {"utf8"=>"✓", "authenticity_token"=>"xYxHmfRUgZWQY9kvsNzjVoUwsStWKlYcLZVvmAcPO/M=", "circle_status"=>"1", "commit"=>"submit"}
  [1m[35mUser Load (3.4ms)[0m  SELECT `users`.* FROM `users` WHERE `users`.`id` = 1 LIMIT 1
  [1m[36mStartup Load (7.0ms)[0m  [1mSELECT `startups`.* FROM `startups` INNER JOIN `owners` ON `startups`.`id` = `owners`.`startup_id` WHERE `owners`.`user_id` = 1 LIMIT 1[0m
  [1m[35mStartup Load (0.7ms)[0m  SELECT `startups`.* FROM `startups` WHERE `startups`.`id` = 7 LIMIT 1
  [1m[36mUser Load (0.4ms)[0m  [1mSELECT `users`.* FROM `users` INNER JOIN `circles` ON `users`.`id` = `circles`.`user_id` WHERE `circles`.`startup_id` = 7[0m
  Rendered circles/add_circle.js.erb (0.1ms)
Completed 200 OK in 25ms (Views: 5.5ms | ActiveRecord: 11.5ms)


Started GET "/investors/follower_info?action_type=add_circle&id=2" for 127.0.0.1 at 2013-08-15 09:01:50 -0700
Processing by InvestorsController#follower_info as JS
  Parameters: {"action_type"=>"add_circle", "id"=>"2"}
  [1m[35mUser Load (0.4ms)[0m  SELECT `users`.* FROM `users` WHERE `users`.`id` = 2 LIMIT 1
  [1m[36mStartup Load (0.4ms)[0m  [1mSELECT `startups`.* FROM `startups` INNER JOIN `owners` ON `startups`.`id` = `owners`.`startup_id` WHERE `owners`.`user_id` = 2[0m
  Rendered investors/follower_info.js.erb (3.7ms)
Completed 200 OK in 12ms (Views: 10.0ms | ActiveRecord: 0.8ms)


Started GET "/assets/jquery.min.map" for 127.0.0.1 at 2013-08-15 09:01:54 -0700
Served asset /jquery.min.map - 304 Not Modified (3ms)


Started POST "/circles/add_person" for 127.0.0.1 at 2013-08-15 09:01:56 -0700
Processing by CirclesController#add_person as JS
  Parameters: {"utf8"=>"✓", "authenticity_token"=>"xYxHmfRUgZWQY9kvsNzjVoUwsStWKlYcLZVvmAcPO/M=", "user_id"=>"2", "commit"=>"submit"}
  [1m[35mUser Load (3.7ms)[0m  SELECT `users`.* FROM `users` WHERE `users`.`id` = 1 LIMIT 1
  [1m[36mStartup Load (3.0ms)[0m  [1mSELECT `startups`.* FROM `startups` INNER JOIN `owners` ON `startups`.`id` = `owners`.`startup_id` WHERE `owners`.`user_id` = 1 LIMIT 1[0m
  [1m[35mStartup Load (2.9ms)[0m  SELECT `startups`.* FROM `startups` WHERE `startups`.`id` = 7 LIMIT 1
  [1m[36mUser Load (0.3ms)[0m  [1mSELECT `users`.* FROM `users` WHERE `users`.`id` = 2 LIMIT 1[0m
  [1m[35mCircle Load (0.3ms)[0m  SELECT `circles`.* FROM `circles` WHERE `circles`.`user_id` = 2 LIMIT 1
  [1m[36m (0.1ms)[0m  [1mBEGIN[0m
  [1m[35mSQL (0.3ms)[0m  INSERT INTO `circles` (`created_at`, `startup_id`, `status`, `updated_at`, `user_id`) VALUES ('2013-08-15 16:01:56', 7, 1, '2013-08-15 16:01:56', 2)
  [1m[36m (1.2ms)[0m  [1mCOMMIT[0m
  [1m[35mUser Load (0.8ms)[0m  SELECT `users`.* FROM `users` INNER JOIN `circles` ON `users`.`id` = `circles`.`user_id` WHERE `circles`.`startup_id` = 7
  Rendered circles/add_circle.js.erb (0.5ms)
Completed 200 OK in 34ms (Views: 5.1ms | ActiveRecord: 12.5ms)


Started GET "/startups/circle?id=18" for 127.0.0.1 at 2013-08-15 09:13:33 -0700
Processing by StartupsController#circle as HTML
  Parameters: {"id"=>"18"}
  [1m[36mUser Load (0.3ms)[0m  [1mSELECT `users`.* FROM `users` WHERE `users`.`id` = 1 LIMIT 1[0m
  [1m[35mOwner Load (0.3ms)[0m  SELECT `owners`.* FROM `owners` WHERE (startup_id = '18' AND user_id = 1)
  [1m[36mStartup Load (0.3ms)[0m  [1mSELECT `startups`.* FROM `startups` WHERE `startups`.`id` = 18 LIMIT 1[0m
  [1m[35mUser Load (0.7ms)[0m  SELECT `users`.* FROM `users` 
  [1m[36mCACHE (0.0ms)[0m  [1mSELECT `users`.* FROM `users` [0m
  [1m[35mUser Load (0.5ms)[0m  SELECT `users`.* FROM `users` INNER JOIN `owners` ON `users`.`id` = `owners`.`user_id` WHERE `owners`.`startup_id` = 18
  [1m[36mUser Load (0.3ms)[0m  [1mSELECT `users`.* FROM `users` INNER JOIN `followers` ON `users`.`id` = `followers`.`user_id` WHERE `followers`.`startup_id` = 18[0m
  Rendered startups/_nav.html.erb (1.4ms)
  [1m[35mTag Load (0.3ms)[0m  SELECT `tags`.* FROM `tags` WHERE `tags`.`startup_id` = 18
  Rendered investors/_people.html.erb (5.2ms)
  Rendered investors/_people.html.erb (3.2ms)
  Rendered investors/_person.html.erb (1.6ms)
  Rendered investors/_person.html.erb (0.0ms)
  Rendered startups/circle.html.erb within layouts/hatcher (37.5ms)
  [1m[36mCACHE (0.0ms)[0m  [1mSELECT `users`.* FROM `users` WHERE `users`.`id` = 1 LIMIT 1[0m
  [1m[35m (0.4ms)[0m  SELECT COUNT(*) FROM `owners` WHERE `owners`.`user_id` = 1
  [1m[36mStartup Load (0.5ms)[0m  [1mSELECT `startups`.* FROM `startups` INNER JOIN `owners` ON `startups`.`id` = `owners`.`startup_id` WHERE `owners`.`user_id` = 1[0m
Completed 200 OK in 230ms (Views: 50.8ms | ActiveRecord: 17.9ms)


Started GET "/assets/bootstrap.css" for 127.0.0.1 at 2013-08-15 09:13:34 -0700
Served asset /bootstrap.css - 304 Not Modified (0ms)


Started GET "/assets/application.css" for 127.0.0.1 at 2013-08-15 09:13:34 -0700
Served asset /application.css - 304 Not Modified (0ms)


Started GET "/assets/application.js" for 127.0.0.1 at 2013-08-15 09:13:34 -0700
Served asset /application.js - 304 Not Modified (0ms)


Started GET "/assets/bootstrap-modal.js" for 127.0.0.1 at 2013-08-15 09:13:34 -0700
Served asset /bootstrap-modal.js - 304 Not Modified (0ms)


Started GET "/assets/jquery.min.map" for 127.0.0.1 at 2013-08-15 09:13:34 -0700
Served asset /jquery.min.map - 304 Not Modified (0ms)


Started POST "/circles/add_circle" for 127.0.0.1 at 2013-08-15 09:13:37 -0700
Processing by CirclesController#add_circle as JS
  Parameters: {"utf8"=>"✓", "authenticity_token"=>"xYxHmfRUgZWQY9kvsNzjVoUwsStWKlYcLZVvmAcPO/M=", "circle_status"=>"0", "commit"=>"submit"}
  [1m[35mUser Load (1.5ms)[0m  SELECT `users`.* FROM `users` WHERE `users`.`id` = 1 LIMIT 1
  [1m[36mStartup Load (0.5ms)[0m  [1mSELECT `startups`.* FROM `startups` INNER JOIN `owners` ON `startups`.`id` = `owners`.`startup_id` WHERE `owners`.`user_id` = 1 LIMIT 1[0m
  [1m[35mStartup Load (0.4ms)[0m  SELECT `startups`.* FROM `startups` WHERE `startups`.`id` = 7 LIMIT 1
  [1m[36mCircle Load (0.6ms)[0m  [1mSELECT `circles`.* FROM `circles` WHERE `circles`.`startup_id` = 7[0m
  [1m[35m (1.2ms)[0m  BEGIN
  [1m[36mSQL (0.4ms)[0m  [1mDELETE FROM `circles` WHERE `circles`.`id` = 199[0m
  [1m[35m (0.8ms)[0m  COMMIT
  [1m[36mUser Load (0.5ms)[0m  [1mSELECT `users`.* FROM `users` INNER JOIN `circles` ON `users`.`id` = `circles`.`user_id` WHERE `circles`.`startup_id` = 7[0m
  Rendered circles/hide_people.js.erb (0.1ms)
Completed 200 OK in 40ms (Views: 5.6ms | ActiveRecord: 9.6ms)


Started POST "/circles/add_circle" for 127.0.0.1 at 2013-08-15 09:13:37 -0700
Processing by CirclesController#add_circle as JS
  Parameters: {"utf8"=>"✓", "authenticity_token"=>"xYxHmfRUgZWQY9kvsNzjVoUwsStWKlYcLZVvmAcPO/M=", "circle_status"=>"1", "commit"=>"submit"}
  [1m[35mUser Load (5.0ms)[0m  SELECT `users`.* FROM `users` WHERE `users`.`id` = 1 LIMIT 1
  [1m[36mStartup Load (0.8ms)[0m  [1mSELECT `startups`.* FROM `startups` INNER JOIN `owners` ON `startups`.`id` = `owners`.`startup_id` WHERE `owners`.`user_id` = 1 LIMIT 1[0m
  [1m[35mStartup Load (0.8ms)[0m  SELECT `startups`.* FROM `startups` WHERE `startups`.`id` = 7 LIMIT 1
  [1m[36mUser Load (0.8ms)[0m  [1mSELECT `users`.* FROM `users` INNER JOIN `circles` ON `users`.`id` = `circles`.`user_id` WHERE `circles`.`startup_id` = 7[0m
  Rendered circles/add_circle.js.erb (0.1ms)
Completed 200 OK in 18ms (Views: 4.9ms | ActiveRecord: 7.3ms)


Started GET "/investors/follower_info?action_type=add_circle&id=4" for 127.0.0.1 at 2013-08-15 09:13:39 -0700
Processing by InvestorsController#follower_info as JS
  Parameters: {"action_type"=>"add_circle", "id"=>"4"}
  [1m[35mUser Load (0.4ms)[0m  SELECT `users`.* FROM `users` WHERE `users`.`id` = 4 LIMIT 1
  [1m[36mStartup Load (0.4ms)[0m  [1mSELECT `startups`.* FROM `startups` INNER JOIN `owners` ON `startups`.`id` = `owners`.`startup_id` WHERE `owners`.`user_id` = 4[0m
  Rendered investors/follower_info.js.erb (2.3ms)
Completed 200 OK in 11ms (Views: 8.8ms | ActiveRecord: 0.8ms)


Started POST "/circles/add_person" for 127.0.0.1 at 2013-08-15 09:13:40 -0700
Processing by CirclesController#add_person as JS
  Parameters: {"utf8"=>"✓", "authenticity_token"=>"xYxHmfRUgZWQY9kvsNzjVoUwsStWKlYcLZVvmAcPO/M=", "user_id"=>"4", "commit"=>"submit"}
  [1m[35mUser Load (1.7ms)[0m  SELECT `users`.* FROM `users` WHERE `users`.`id` = 1 LIMIT 1
  [1m[36mStartup Load (3.5ms)[0m  [1mSELECT `startups`.* FROM `startups` INNER JOIN `owners` ON `startups`.`id` = `owners`.`startup_id` WHERE `owners`.`user_id` = 1 LIMIT 1[0m
  [1m[35mStartup Load (0.5ms)[0m  SELECT `startups`.* FROM `startups` WHERE `startups`.`id` = 7 LIMIT 1
Completed 500 Internal Server Error in 20ms

ActionView::MissingTemplate (Missing template circles/add_person, application/add_person with {:locale=>[:en], :formats=>[:js, "application/ecmascript", "application/x-ecmascript", :html, :text, :js, :css, :ics, :csv, :png, :jpeg, :gif, :bmp, :tiff, :mpeg, :xml, :rss, :atom, :yaml, :multipart_form, :url_encoded_form, :json, :pdf, :zip], :handlers=>[:erb, :builder, :coffee]}. Searched in:
  * "/Users/sergeyastretsov/Learn/heroku/prototype_0.2/app/views"
):
  actionpack (3.2.11) lib/action_view/path_set.rb:58:in `find'
  actionpack (3.2.11) lib/action_view/lookup_context.rb:109:in `find'
  actionpack (3.2.11) lib/action_view/renderer/abstract_renderer.rb:3:in `find_template'
  actionpack (3.2.11) lib/action_view/renderer/template_renderer.rb:34:in `determine_template'
  actionpack (3.2.11) lib/action_view/renderer/template_renderer.rb:10:in `render'
  actionpack (3.2.11) lib/action_view/renderer/renderer.rb:36:in `render_template'
  actionpack (3.2.11) lib/action_view/renderer/renderer.rb:17:in `render'
  actionpack (3.2.11) lib/abstract_controller/rendering.rb:110:in `_render_template'
  actionpack (3.2.11) lib/action_controller/metal/streaming.rb:225:in `_render_template'
  actionpack (3.2.11) lib/abstract_controller/rendering.rb:103:in `render_to_body'
  actionpack (3.2.11) lib/action_controller/metal/renderers.rb:28:in `render_to_body'
  actionpack (3.2.11) lib/action_controller/metal/compatibility.rb:50:in `render_to_body'
  actionpack (3.2.11) lib/abstract_controller/rendering.rb:88:in `render'
  actionpack (3.2.11) lib/action_controller/metal/rendering.rb:16:in `render'
  actionpack (3.2.11) lib/action_controller/metal/instrumentation.rb:40:in `block (2 levels) in render'
  activesupport (3.2.11) lib/active_support/core_ext/benchmark.rb:5:in `block in ms'
  /Users/sergeyastretsov/.rvm/rubies/ruby-1.9.3-p362/lib/ruby/1.9.1/benchmark.rb:295:in `realtime'
  activesupport (3.2.11) lib/active_support/core_ext/benchmark.rb:5:in `ms'
  actionpack (3.2.11) lib/action_controller/metal/instrumentation.rb:40:in `block in render'
  actionpack (3.2.11) lib/action_controller/metal/instrumentation.rb:83:in `cleanup_view_runtime'
  activerecord (3.2.11) lib/active_record/railties/controller_runtime.rb:24:in `cleanup_view_runtime'
  actionpack (3.2.11) lib/action_controller/metal/instrumentation.rb:39:in `render'
  actionpack (3.2.11) lib/action_controller/metal/implicit_render.rb:10:in `default_render'
  actionpack (3.2.11) lib/action_controller/metal/implicit_render.rb:5:in `send_action'
  actionpack (3.2.11) lib/abstract_controller/base.rb:167:in `process_action'
  actionpack (3.2.11) lib/action_controller/metal/rendering.rb:10:in `process_action'
  actionpack (3.2.11) lib/abstract_controller/callbacks.rb:18:in `block in process_action'
  activesupport (3.2.11) lib/active_support/callbacks.rb:425:in `_run__639459588834009526__process_action__955796568951603565__callbacks'
  activesupport (3.2.11) lib/active_support/callbacks.rb:405:in `__run_callback'
  activesupport (3.2.11) lib/active_support/callbacks.rb:385:in `_run_process_action_callbacks'
  activesupport (3.2.11) lib/active_support/callbacks.rb:81:in `run_callbacks'
  actionpack (3.2.11) lib/abstract_controller/callbacks.rb:17:in `process_action'
  actionpack (3.2.11) lib/action_controller/metal/rescue.rb:29:in `process_action'
  actionpack (3.2.11) lib/action_controller/metal/instrumentation.rb:30:in `block in process_action'
  activesupport (3.2.11) lib/active_support/notifications.rb:123:in `block in instrument'
  activesupport (3.2.11) lib/active_support/notifications/instrumenter.rb:20:in `instrument'
  activesupport (3.2.11) lib/active_support/notifications.rb:123:in `instrument'
  actionpack (3.2.11) lib/action_controller/metal/instrumentation.rb:29:in `process_action'
  actionpack (3.2.11) lib/action_controller/metal/params_wrapper.rb:207:in `process_action'
  activerecord (3.2.11) lib/active_record/railties/controller_runtime.rb:18:in `process_action'
  actionpack (3.2.11) lib/abstract_controller/base.rb:121:in `process'
  actionpack (3.2.11) lib/abstract_controller/rendering.rb:45:in `process'
  actionpack (3.2.11) lib/action_controller/metal.rb:203:in `dispatch'
  actionpack (3.2.11) lib/action_controller/metal/rack_delegation.rb:14:in `dispatch'
  actionpack (3.2.11) lib/action_controller/metal.rb:246:in `block in action'
  actionpack (3.2.11) lib/action_dispatch/routing/route_set.rb:73:in `call'
  actionpack (3.2.11) lib/action_dispatch/routing/route_set.rb:73:in `dispatch'
  actionpack (3.2.11) lib/action_dispatch/routing/route_set.rb:36:in `call'
  journey (1.0.4) lib/journey/router.rb:68:in `block in call'
  journey (1.0.4) lib/journey/router.rb:56:in `each'
  journey (1.0.4) lib/journey/router.rb:56:in `call'
  actionpack (3.2.11) lib/action_dispatch/routing/route_set.rb:601:in `call'
  actionpack (3.2.11) lib/action_dispatch/middleware/best_standards_support.rb:17:in `call'
  rack (1.4.5) lib/rack/etag.rb:23:in `call'
  rack (1.4.5) lib/rack/conditionalget.rb:35:in `call'
  actionpack (3.2.11) lib/action_dispatch/middleware/head.rb:14:in `call'
  actionpack (3.2.11) lib/action_dispatch/middleware/params_parser.rb:21:in `call'
  actionpack (3.2.11) lib/action_dispatch/middleware/flash.rb:242:in `call'
  rack (1.4.5) lib/rack/session/abstract/id.rb:210:in `context'
  rack (1.4.5) lib/rack/session/abstract/id.rb:205:in `call'
  actionpack (3.2.11) lib/action_dispatch/middleware/cookies.rb:341:in `call'
  activerecord (3.2.11) lib/active_record/query_cache.rb:64:in `call'
  activerecord (3.2.11) lib/active_record/connection_adapters/abstract/connection_pool.rb:479:in `call'
  actionpack (3.2.11) lib/action_dispatch/middleware/callbacks.rb:28:in `block in call'
  activesupport (3.2.11) lib/active_support/callbacks.rb:405:in `_run__945442546924571082__call__3381606374261717169__callbacks'
  activesupport (3.2.11) lib/active_support/callbacks.rb:405:in `__run_callback'
  activesupport (3.2.11) lib/active_support/callbacks.rb:385:in `_run_call_callbacks'
  activesupport (3.2.11) lib/active_support/callbacks.rb:81:in `run_callbacks'
  actionpack (3.2.11) lib/action_dispatch/middleware/callbacks.rb:27:in `call'
  actionpack (3.2.11) lib/action_dispatch/middleware/reloader.rb:65:in `call'
  actionpack (3.2.11) lib/action_dispatch/middleware/remote_ip.rb:31:in `call'
  actionpack (3.2.11) lib/action_dispatch/middleware/debug_exceptions.rb:16:in `call'
  actionpack (3.2.11) lib/action_dispatch/middleware/show_exceptions.rb:56:in `call'
  railties (3.2.11) lib/rails/rack/logger.rb:32:in `call_app'
  railties (3.2.11) lib/rails/rack/logger.rb:16:in `block in call'
  activesupport (3.2.11) lib/active_support/tagged_logging.rb:22:in `tagged'
  railties (3.2.11) lib/rails/rack/logger.rb:16:in `call'
  actionpack (3.2.11) lib/action_dispatch/middleware/request_id.rb:22:in `call'
  rack (1.4.5) lib/rack/methodoverride.rb:21:in `call'
  rack (1.4.5) lib/rack/runtime.rb:17:in `call'
  activesupport (3.2.11) lib/active_support/cache/strategy/local_cache.rb:72:in `call'
  rack (1.4.5) lib/rack/lock.rb:15:in `call'
  actionpack (3.2.11) lib/action_dispatch/middleware/static.rb:62:in `call'
  railties (3.2.11) lib/rails/engine.rb:479:in `call'
  railties (3.2.11) lib/rails/application.rb:223:in `call'
  rack (1.4.5) lib/rack/content_length.rb:14:in `call'
  railties (3.2.11) lib/rails/rack/log_tailer.rb:17:in `call'
  rack (1.4.5) lib/rack/handler/webrick.rb:59:in `service'
  /Users/sergeyastretsov/.rvm/rubies/ruby-1.9.3-p362/lib/ruby/1.9.1/webrick/httpserver.rb:138:in `service'
  /Users/sergeyastretsov/.rvm/rubies/ruby-1.9.3-p362/lib/ruby/1.9.1/webrick/httpserver.rb:94:in `run'
  /Users/sergeyastretsov/.rvm/rubies/ruby-1.9.3-p362/lib/ruby/1.9.1/webrick/server.rb:191:in `block in start_thread'


  Rendered /Users/sergeyastretsov/.rvm/gems/ruby-1.9.3-p362/gems/actionpack-3.2.11/lib/action_dispatch/middleware/templates/rescues/missing_template.erb within rescues/layout (0.7ms)


Started GET "/investors/follower_info?action_type=add_circle&id=4" for 127.0.0.1 at 2013-08-15 09:13:42 -0700
Processing by InvestorsController#follower_info as JS
  Parameters: {"action_type"=>"add_circle", "id"=>"4"}
  [1m[36mUser Load (0.4ms)[0m  [1mSELECT `users`.* FROM `users` WHERE `users`.`id` = 4 LIMIT 1[0m
  [1m[35mStartup Load (0.4ms)[0m  SELECT `startups`.* FROM `startups` INNER JOIN `owners` ON `startups`.`id` = `owners`.`startup_id` WHERE `owners`.`user_id` = 4
  Rendered investors/follower_info.js.erb (2.5ms)
Completed 200 OK in 11ms (Views: 8.3ms | ActiveRecord: 0.7ms)


Started POST "/circles/add_person" for 127.0.0.1 at 2013-08-15 09:13:43 -0700
Processing by CirclesController#add_person as JS
  Parameters: {"utf8"=>"✓", "authenticity_token"=>"xYxHmfRUgZWQY9kvsNzjVoUwsStWKlYcLZVvmAcPO/M=", "user_id"=>"4", "commit"=>"submit"}
  [1m[36mUser Load (0.9ms)[0m  [1mSELECT `users`.* FROM `users` WHERE `users`.`id` = 1 LIMIT 1[0m
  [1m[35mStartup Load (0.9ms)[0m  SELECT `startups`.* FROM `startups` INNER JOIN `owners` ON `startups`.`id` = `owners`.`startup_id` WHERE `owners`.`user_id` = 1 LIMIT 1
  [1m[36mStartup Load (2.8ms)[0m  [1mSELECT `startups`.* FROM `startups` WHERE `startups`.`id` = 7 LIMIT 1[0m
Completed 500 Internal Server Error in 16ms

ActionView::MissingTemplate (Missing template circles/add_person, application/add_person with {:locale=>[:en], :formats=>[:js, "application/ecmascript", "application/x-ecmascript", :html, :text, :js, :css, :ics, :csv, :png, :jpeg, :gif, :bmp, :tiff, :mpeg, :xml, :rss, :atom, :yaml, :multipart_form, :url_encoded_form, :json, :pdf, :zip], :handlers=>[:erb, :builder, :coffee]}. Searched in:
  * "/Users/sergeyastretsov/Learn/heroku/prototype_0.2/app/views"
):
  actionpack (3.2.11) lib/action_view/path_set.rb:58:in `find'
  actionpack (3.2.11) lib/action_view/lookup_context.rb:109:in `find'
  actionpack (3.2.11) lib/action_view/renderer/abstract_renderer.rb:3:in `find_template'
  actionpack (3.2.11) lib/action_view/renderer/template_renderer.rb:34:in `determine_template'
  actionpack (3.2.11) lib/action_view/renderer/template_renderer.rb:10:in `render'
  actionpack (3.2.11) lib/action_view/renderer/renderer.rb:36:in `render_template'
  actionpack (3.2.11) lib/action_view/renderer/renderer.rb:17:in `render'
  actionpack (3.2.11) lib/abstract_controller/rendering.rb:110:in `_render_template'
  actionpack (3.2.11) lib/action_controller/metal/streaming.rb:225:in `_render_template'
  actionpack (3.2.11) lib/abstract_controller/rendering.rb:103:in `render_to_body'
  actionpack (3.2.11) lib/action_controller/metal/renderers.rb:28:in `render_to_body'
  actionpack (3.2.11) lib/action_controller/metal/compatibility.rb:50:in `render_to_body'
  actionpack (3.2.11) lib/abstract_controller/rendering.rb:88:in `render'
  actionpack (3.2.11) lib/action_controller/metal/rendering.rb:16:in `render'
  actionpack (3.2.11) lib/action_controller/metal/instrumentation.rb:40:in `block (2 levels) in render'
  activesupport (3.2.11) lib/active_support/core_ext/benchmark.rb:5:in `block in ms'
  /Users/sergeyastretsov/.rvm/rubies/ruby-1.9.3-p362/lib/ruby/1.9.1/benchmark.rb:295:in `realtime'
  activesupport (3.2.11) lib/active_support/core_ext/benchmark.rb:5:in `ms'
  actionpack (3.2.11) lib/action_controller/metal/instrumentation.rb:40:in `block in render'
  actionpack (3.2.11) lib/action_controller/metal/instrumentation.rb:83:in `cleanup_view_runtime'
  activerecord (3.2.11) lib/active_record/railties/controller_runtime.rb:24:in `cleanup_view_runtime'
  actionpack (3.2.11) lib/action_controller/metal/instrumentation.rb:39:in `render'
  actionpack (3.2.11) lib/action_controller/metal/implicit_render.rb:10:in `default_render'
  actionpack (3.2.11) lib/action_controller/metal/implicit_render.rb:5:in `send_action'
  actionpack (3.2.11) lib/abstract_controller/base.rb:167:in `process_action'
  actionpack (3.2.11) lib/action_controller/metal/rendering.rb:10:in `process_action'
  actionpack (3.2.11) lib/abstract_controller/callbacks.rb:18:in `block in process_action'
  activesupport (3.2.11) lib/active_support/callbacks.rb:425:in `_run__639459588834009526__process_action__955796568951603565__callbacks'
  activesupport (3.2.11) lib/active_support/callbacks.rb:405:in `__run_callback'
  activesupport (3.2.11) lib/active_support/callbacks.rb:385:in `_run_process_action_callbacks'
  activesupport (3.2.11) lib/active_support/callbacks.rb:81:in `run_callbacks'
  actionpack (3.2.11) lib/abstract_controller/callbacks.rb:17:in `process_action'
  actionpack (3.2.11) lib/action_controller/metal/rescue.rb:29:in `process_action'
  actionpack (3.2.11) lib/action_controller/metal/instrumentation.rb:30:in `block in process_action'
  activesupport (3.2.11) lib/active_support/notifications.rb:123:in `block in instrument'
  activesupport (3.2.11) lib/active_support/notifications/instrumenter.rb:20:in `instrument'
  activesupport (3.2.11) lib/active_support/notifications.rb:123:in `instrument'
  actionpack (3.2.11) lib/action_controller/metal/instrumentation.rb:29:in `process_action'
  actionpack (3.2.11) lib/action_controller/metal/params_wrapper.rb:207:in `process_action'
  activerecord (3.2.11) lib/active_record/railties/controller_runtime.rb:18:in `process_action'
  actionpack (3.2.11) lib/abstract_controller/base.rb:121:in `process'
  actionpack (3.2.11) lib/abstract_controller/rendering.rb:45:in `process'
  actionpack (3.2.11) lib/action_controller/metal.rb:203:in `dispatch'
  actionpack (3.2.11) lib/action_controller/metal/rack_delegation.rb:14:in `dispatch'
  actionpack (3.2.11) lib/action_controller/metal.rb:246:in `block in action'
  actionpack (3.2.11) lib/action_dispatch/routing/route_set.rb:73:in `call'
  actionpack (3.2.11) lib/action_dispatch/routing/route_set.rb:73:in `dispatch'
  actionpack (3.2.11) lib/action_dispatch/routing/route_set.rb:36:in `call'
  journey (1.0.4) lib/journey/router.rb:68:in `block in call'
  journey (1.0.4) lib/journey/router.rb:56:in `each'
  journey (1.0.4) lib/journey/router.rb:56:in `call'
  actionpack (3.2.11) lib/action_dispatch/routing/route_set.rb:601:in `call'
  actionpack (3.2.11) lib/action_dispatch/middleware/best_standards_support.rb:17:in `call'
  rack (1.4.5) lib/rack/etag.rb:23:in `call'
  rack (1.4.5) lib/rack/conditionalget.rb:35:in `call'
  actionpack (3.2.11) lib/action_dispatch/middleware/head.rb:14:in `call'
  actionpack (3.2.11) lib/action_dispatch/middleware/params_parser.rb:21:in `call'
  actionpack (3.2.11) lib/action_dispatch/middleware/flash.rb:242:in `call'
  rack (1.4.5) lib/rack/session/abstract/id.rb:210:in `context'
  rack (1.4.5) lib/rack/session/abstract/id.rb:205:in `call'
  actionpack (3.2.11) lib/action_dispatch/middleware/cookies.rb:341:in `call'
  activerecord (3.2.11) lib/active_record/query_cache.rb:64:in `call'
  activerecord (3.2.11) lib/active_record/connection_adapters/abstract/connection_pool.rb:479:in `call'
  actionpack (3.2.11) lib/action_dispatch/middleware/callbacks.rb:28:in `block in call'
  activesupport (3.2.11) lib/active_support/callbacks.rb:405:in `_run__945442546924571082__call__3381606374261717169__callbacks'
  activesupport (3.2.11) lib/active_support/callbacks.rb:405:in `__run_callback'
  activesupport (3.2.11) lib/active_support/callbacks.rb:385:in `_run_call_callbacks'
  activesupport (3.2.11) lib/active_support/callbacks.rb:81:in `run_callbacks'
  actionpack (3.2.11) lib/action_dispatch/middleware/callbacks.rb:27:in `call'
  actionpack (3.2.11) lib/action_dispatch/middleware/reloader.rb:65:in `call'
  actionpack (3.2.11) lib/action_dispatch/middleware/remote_ip.rb:31:in `call'
  actionpack (3.2.11) lib/action_dispatch/middleware/debug_exceptions.rb:16:in `call'
  actionpack (3.2.11) lib/action_dispatch/middleware/show_exceptions.rb:56:in `call'
  railties (3.2.11) lib/rails/rack/logger.rb:32:in `call_app'
  railties (3.2.11) lib/rails/rack/logger.rb:16:in `block in call'
  activesupport (3.2.11) lib/active_support/tagged_logging.rb:22:in `tagged'
  railties (3.2.11) lib/rails/rack/logger.rb:16:in `call'
  actionpack (3.2.11) lib/action_dispatch/middleware/request_id.rb:22:in `call'
  rack (1.4.5) lib/rack/methodoverride.rb:21:in `call'
  rack (1.4.5) lib/rack/runtime.rb:17:in `call'
  activesupport (3.2.11) lib/active_support/cache/strategy/local_cache.rb:72:in `call'
  rack (1.4.5) lib/rack/lock.rb:15:in `call'
  actionpack (3.2.11) lib/action_dispatch/middleware/static.rb:62:in `call'
  railties (3.2.11) lib/rails/engine.rb:479:in `call'
  railties (3.2.11) lib/rails/application.rb:223:in `call'
  rack (1.4.5) lib/rack/content_length.rb:14:in `call'
  railties (3.2.11) lib/rails/rack/log_tailer.rb:17:in `call'
  rack (1.4.5) lib/rack/handler/webrick.rb:59:in `service'
  /Users/sergeyastretsov/.rvm/rubies/ruby-1.9.3-p362/lib/ruby/1.9.1/webrick/httpserver.rb:138:in `service'
  /Users/sergeyastretsov/.rvm/rubies/ruby-1.9.3-p362/lib/ruby/1.9.1/webrick/httpserver.rb:94:in `run'
  /Users/sergeyastretsov/.rvm/rubies/ruby-1.9.3-p362/lib/ruby/1.9.1/webrick/server.rb:191:in `block in start_thread'


  Rendered /Users/sergeyastretsov/.rvm/gems/ruby-1.9.3-p362/gems/actionpack-3.2.11/lib/action_dispatch/middleware/templates/rescues/missing_template.erb within rescues/layout (0.5ms)


Started GET "/startups/circle?id=18" for 127.0.0.1 at 2013-08-15 09:14:06 -0700
Processing by StartupsController#circle as HTML
  Parameters: {"id"=>"18"}
  [1m[35mUser Load (0.4ms)[0m  SELECT `users`.* FROM `users` WHERE `users`.`id` = 1 LIMIT 1
  [1m[36mOwner Load (3.8ms)[0m  [1mSELECT `owners`.* FROM `owners` WHERE (startup_id = '18' AND user_id = 1)[0m
  [1m[35mStartup Load (0.8ms)[0m  SELECT `startups`.* FROM `startups` WHERE `startups`.`id` = 18 LIMIT 1
  [1m[36mUser Load (7.2ms)[0m  [1mSELECT `users`.* FROM `users` [0m
  [1m[35mCACHE (0.0ms)[0m  SELECT `users`.* FROM `users` 
  [1m[36mUser Load (0.8ms)[0m  [1mSELECT `users`.* FROM `users` INNER JOIN `owners` ON `users`.`id` = `owners`.`user_id` WHERE `owners`.`startup_id` = 18[0m
  [1m[35mUser Load (0.4ms)[0m  SELECT `users`.* FROM `users` INNER JOIN `followers` ON `users`.`id` = `followers`.`user_id` WHERE `followers`.`startup_id` = 18
  Rendered startups/_nav.html.erb (11.9ms)
  [1m[36mTag Load (0.3ms)[0m  [1mSELECT `tags`.* FROM `tags` WHERE `tags`.`startup_id` = 18[0m
  Rendered investors/_people.html.erb (17.4ms)
  Rendered investors/_people.html.erb (3.1ms)
  Rendered investors/_person.html.erb (14.1ms)
  Rendered investors/_person.html.erb (0.0ms)
  Rendered startups/circle.html.erb within layouts/hatcher (130.7ms)
  [1m[35mCACHE (0.0ms)[0m  SELECT `users`.* FROM `users` WHERE `users`.`id` = 1 LIMIT 1
  [1m[36m (0.4ms)[0m  [1mSELECT COUNT(*) FROM `owners` WHERE `owners`.`user_id` = 1[0m
  [1m[35mStartup Load (0.5ms)[0m  SELECT `startups`.* FROM `startups` INNER JOIN `owners` ON `startups`.`id` = `owners`.`startup_id` WHERE `owners`.`user_id` = 1
Completed 200 OK in 795ms (Views: 168.2ms | ActiveRecord: 208.0ms)


Started GET "/assets/bootstrap.css" for 127.0.0.1 at 2013-08-15 09:14:07 -0700
Served asset /bootstrap.css - 304 Not Modified (0ms)


Started GET "/assets/application.css" for 127.0.0.1 at 2013-08-15 09:14:07 -0700
Served asset /application.css - 304 Not Modified (0ms)


Started GET "/assets/application.js" for 127.0.0.1 at 2013-08-15 09:14:07 -0700
Served asset /application.js - 304 Not Modified (0ms)


Started GET "/assets/bootstrap-modal.js" for 127.0.0.1 at 2013-08-15 09:14:07 -0700
Served asset /bootstrap-modal.js - 304 Not Modified (0ms)


Started GET "/assets/jquery.min.map" for 127.0.0.1 at 2013-08-15 09:14:08 -0700
Served asset /jquery.min.map - 304 Not Modified (0ms)


Started POST "/circles/add_circle" for 127.0.0.1 at 2013-08-15 09:14:10 -0700
Processing by CirclesController#add_circle as JS
  Parameters: {"utf8"=>"✓", "authenticity_token"=>"xYxHmfRUgZWQY9kvsNzjVoUwsStWKlYcLZVvmAcPO/M=", "circle_status"=>"1", "commit"=>"submit"}
  [1m[36mUser Load (0.4ms)[0m  [1mSELECT `users`.* FROM `users` WHERE `users`.`id` = 1 LIMIT 1[0m
  [1m[35mStartup Load (0.3ms)[0m  SELECT `startups`.* FROM `startups` INNER JOIN `owners` ON `startups`.`id` = `owners`.`startup_id` WHERE `owners`.`user_id` = 1 LIMIT 1
  [1m[36mStartup Load (0.2ms)[0m  [1mSELECT `startups`.* FROM `startups` WHERE `startups`.`id` = 7 LIMIT 1[0m
  [1m[35mUser Load (0.3ms)[0m  SELECT `users`.* FROM `users` INNER JOIN `circles` ON `users`.`id` = `circles`.`user_id` WHERE `circles`.`startup_id` = 7
  Rendered circles/add_circle.js.erb (0.1ms)
Completed 200 OK in 16ms (Views: 5.0ms | ActiveRecord: 4.0ms)


Started GET "/investors/follower_info?action_type=add_circle&id=3" for 127.0.0.1 at 2013-08-15 09:14:11 -0700
Processing by InvestorsController#follower_info as JS
  Parameters: {"action_type"=>"add_circle", "id"=>"3"}
  [1m[36mUser Load (0.3ms)[0m  [1mSELECT `users`.* FROM `users` WHERE `users`.`id` = 3 LIMIT 1[0m
  [1m[35mStartup Load (0.4ms)[0m  SELECT `startups`.* FROM `startups` INNER JOIN `owners` ON `startups`.`id` = `owners`.`startup_id` WHERE `owners`.`user_id` = 3
  Rendered investors/follower_info.js.erb (2.3ms)
Completed 200 OK in 11ms (Views: 8.9ms | ActiveRecord: 0.8ms)


Started POST "/circles/add_person" for 127.0.0.1 at 2013-08-15 09:14:12 -0700
Processing by CirclesController#add_person as JS
  Parameters: {"utf8"=>"✓", "authenticity_token"=>"xYxHmfRUgZWQY9kvsNzjVoUwsStWKlYcLZVvmAcPO/M=", "user_id"=>"3", "commit"=>"submit"}
  [1m[36mUser Load (0.4ms)[0m  [1mSELECT `users`.* FROM `users` WHERE `users`.`id` = 1 LIMIT 1[0m
  [1m[35mStartup Load (0.7ms)[0m  SELECT `startups`.* FROM `startups` INNER JOIN `owners` ON `startups`.`id` = `owners`.`startup_id` WHERE `owners`.`user_id` = 1 LIMIT 1
  [1m[36mStartup Load (0.7ms)[0m  [1mSELECT `startups`.* FROM `startups` WHERE `startups`.`id` = 7 LIMIT 1[0m
Completed 500 Internal Server Error in 12ms

ActionView::MissingTemplate (Missing template circles/add_person, application/add_person with {:locale=>[:en], :formats=>[:js, "application/ecmascript", "application/x-ecmascript", :html, :text, :js, :css, :ics, :csv, :png, :jpeg, :gif, :bmp, :tiff, :mpeg, :xml, :rss, :atom, :yaml, :multipart_form, :url_encoded_form, :json, :pdf, :zip], :handlers=>[:erb, :builder, :coffee]}. Searched in:
  * "/Users/sergeyastretsov/Learn/heroku/prototype_0.2/app/views"
):
  actionpack (3.2.11) lib/action_view/path_set.rb:58:in `find'
  actionpack (3.2.11) lib/action_view/lookup_context.rb:109:in `find'
  actionpack (3.2.11) lib/action_view/renderer/abstract_renderer.rb:3:in `find_template'
  actionpack (3.2.11) lib/action_view/renderer/template_renderer.rb:34:in `determine_template'
  actionpack (3.2.11) lib/action_view/renderer/template_renderer.rb:10:in `render'
  actionpack (3.2.11) lib/action_view/renderer/renderer.rb:36:in `render_template'
  actionpack (3.2.11) lib/action_view/renderer/renderer.rb:17:in `render'
  actionpack (3.2.11) lib/abstract_controller/rendering.rb:110:in `_render_template'
  actionpack (3.2.11) lib/action_controller/metal/streaming.rb:225:in `_render_template'
  actionpack (3.2.11) lib/abstract_controller/rendering.rb:103:in `render_to_body'
  actionpack (3.2.11) lib/action_controller/metal/renderers.rb:28:in `render_to_body'
  actionpack (3.2.11) lib/action_controller/metal/compatibility.rb:50:in `render_to_body'
  actionpack (3.2.11) lib/abstract_controller/rendering.rb:88:in `render'
  actionpack (3.2.11) lib/action_controller/metal/rendering.rb:16:in `render'
  actionpack (3.2.11) lib/action_controller/metal/instrumentation.rb:40:in `block (2 levels) in render'
  activesupport (3.2.11) lib/active_support/core_ext/benchmark.rb:5:in `block in ms'
  /Users/sergeyastretsov/.rvm/rubies/ruby-1.9.3-p362/lib/ruby/1.9.1/benchmark.rb:295:in `realtime'
  activesupport (3.2.11) lib/active_support/core_ext/benchmark.rb:5:in `ms'
  actionpack (3.2.11) lib/action_controller/metal/instrumentation.rb:40:in `block in render'
  actionpack (3.2.11) lib/action_controller/metal/instrumentation.rb:83:in `cleanup_view_runtime'
  activerecord (3.2.11) lib/active_record/railties/controller_runtime.rb:24:in `cleanup_view_runtime'
  actionpack (3.2.11) lib/action_controller/metal/instrumentation.rb:39:in `render'
  actionpack (3.2.11) lib/action_controller/metal/implicit_render.rb:10:in `default_render'
  actionpack (3.2.11) lib/action_controller/metal/implicit_render.rb:5:in `send_action'
  actionpack (3.2.11) lib/abstract_controller/base.rb:167:in `process_action'
  actionpack (3.2.11) lib/action_controller/metal/rendering.rb:10:in `process_action'
  actionpack (3.2.11) lib/abstract_controller/callbacks.rb:18:in `block in process_action'
  activesupport (3.2.11) lib/active_support/callbacks.rb:425:in `_run__639459588834009526__process_action__955796568951603565__callbacks'
  activesupport (3.2.11) lib/active_support/callbacks.rb:405:in `__run_callback'
  activesupport (3.2.11) lib/active_support/callbacks.rb:385:in `_run_process_action_callbacks'
  activesupport (3.2.11) lib/active_support/callbacks.rb:81:in `run_callbacks'
  actionpack (3.2.11) lib/abstract_controller/callbacks.rb:17:in `process_action'
  actionpack (3.2.11) lib/action_controller/metal/rescue.rb:29:in `process_action'
  actionpack (3.2.11) lib/action_controller/metal/instrumentation.rb:30:in `block in process_action'
  activesupport (3.2.11) lib/active_support/notifications.rb:123:in `block in instrument'
  activesupport (3.2.11) lib/active_support/notifications/instrumenter.rb:20:in `instrument'
  activesupport (3.2.11) lib/active_support/notifications.rb:123:in `instrument'
  actionpack (3.2.11) lib/action_controller/metal/instrumentation.rb:29:in `process_action'
  actionpack (3.2.11) lib/action_controller/metal/params_wrapper.rb:207:in `process_action'
  activerecord (3.2.11) lib/active_record/railties/controller_runtime.rb:18:in `process_action'
  actionpack (3.2.11) lib/abstract_controller/base.rb:121:in `process'
  actionpack (3.2.11) lib/abstract_controller/rendering.rb:45:in `process'
  actionpack (3.2.11) lib/action_controller/metal.rb:203:in `dispatch'
  actionpack (3.2.11) lib/action_controller/metal/rack_delegation.rb:14:in `dispatch'
  actionpack (3.2.11) lib/action_controller/metal.rb:246:in `block in action'
  actionpack (3.2.11) lib/action_dispatch/routing/route_set.rb:73:in `call'
  actionpack (3.2.11) lib/action_dispatch/routing/route_set.rb:73:in `dispatch'
  actionpack (3.2.11) lib/action_dispatch/routing/route_set.rb:36:in `call'
  journey (1.0.4) lib/journey/router.rb:68:in `block in call'
  journey (1.0.4) lib/journey/router.rb:56:in `each'
  journey (1.0.4) lib/journey/router.rb:56:in `call'
  actionpack (3.2.11) lib/action_dispatch/routing/route_set.rb:601:in `call'
  actionpack (3.2.11) lib/action_dispatch/middleware/best_standards_support.rb:17:in `call'
  rack (1.4.5) lib/rack/etag.rb:23:in `call'
  rack (1.4.5) lib/rack/conditionalget.rb:35:in `call'
  actionpack (3.2.11) lib/action_dispatch/middleware/head.rb:14:in `call'
  actionpack (3.2.11) lib/action_dispatch/middleware/params_parser.rb:21:in `call'
  actionpack (3.2.11) lib/action_dispatch/middleware/flash.rb:242:in `call'
  rack (1.4.5) lib/rack/session/abstract/id.rb:210:in `context'
  rack (1.4.5) lib/rack/session/abstract/id.rb:205:in `call'
  actionpack (3.2.11) lib/action_dispatch/middleware/cookies.rb:341:in `call'
  activerecord (3.2.11) lib/active_record/query_cache.rb:64:in `call'
  activerecord (3.2.11) lib/active_record/connection_adapters/abstract/connection_pool.rb:479:in `call'
  actionpack (3.2.11) lib/action_dispatch/middleware/callbacks.rb:28:in `block in call'
  activesupport (3.2.11) lib/active_support/callbacks.rb:405:in `_run__945442546924571082__call__3381606374261717169__callbacks'
  activesupport (3.2.11) lib/active_support/callbacks.rb:405:in `__run_callback'
  activesupport (3.2.11) lib/active_support/callbacks.rb:385:in `_run_call_callbacks'
  activesupport (3.2.11) lib/active_support/callbacks.rb:81:in `run_callbacks'
  actionpack (3.2.11) lib/action_dispatch/middleware/callbacks.rb:27:in `call'
  actionpack (3.2.11) lib/action_dispatch/middleware/reloader.rb:65:in `call'
  actionpack (3.2.11) lib/action_dispatch/middleware/remote_ip.rb:31:in `call'
  actionpack (3.2.11) lib/action_dispatch/middleware/debug_exceptions.rb:16:in `call'
  actionpack (3.2.11) lib/action_dispatch/middleware/show_exceptions.rb:56:in `call'
  railties (3.2.11) lib/rails/rack/logger.rb:32:in `call_app'
  railties (3.2.11) lib/rails/rack/logger.rb:16:in `block in call'
  activesupport (3.2.11) lib/active_support/tagged_logging.rb:22:in `tagged'
  railties (3.2.11) lib/rails/rack/logger.rb:16:in `call'
  actionpack (3.2.11) lib/action_dispatch/middleware/request_id.rb:22:in `call'
  rack (1.4.5) lib/rack/methodoverride.rb:21:in `call'
  rack (1.4.5) lib/rack/runtime.rb:17:in `call'
  activesupport (3.2.11) lib/active_support/cache/strategy/local_cache.rb:72:in `call'
  rack (1.4.5) lib/rack/lock.rb:15:in `call'
  actionpack (3.2.11) lib/action_dispatch/middleware/static.rb:62:in `call'
  railties (3.2.11) lib/rails/engine.rb:479:in `call'
  railties (3.2.11) lib/rails/application.rb:223:in `call'
  rack (1.4.5) lib/rack/content_length.rb:14:in `call'
  railties (3.2.11) lib/rails/rack/log_tailer.rb:17:in `call'
  rack (1.4.5) lib/rack/handler/webrick.rb:59:in `service'
  /Users/sergeyastretsov/.rvm/rubies/ruby-1.9.3-p362/lib/ruby/1.9.1/webrick/httpserver.rb:138:in `service'
  /Users/sergeyastretsov/.rvm/rubies/ruby-1.9.3-p362/lib/ruby/1.9.1/webrick/httpserver.rb:94:in `run'
  /Users/sergeyastretsov/.rvm/rubies/ruby-1.9.3-p362/lib/ruby/1.9.1/webrick/server.rb:191:in `block in start_thread'


  Rendered /Users/sergeyastretsov/.rvm/gems/ruby-1.9.3-p362/gems/actionpack-3.2.11/lib/action_dispatch/middleware/templates/rescues/missing_template.erb within rescues/layout (0.5ms)


Started GET "/startups/circle?id=18" for 127.0.0.1 at 2013-08-15 09:14:31 -0700
Processing by StartupsController#circle as HTML
  Parameters: {"id"=>"18"}
  [1m[35mUser Load (1.3ms)[0m  SELECT `users`.* FROM `users` WHERE `users`.`id` = 1 LIMIT 1
  [1m[36mOwner Load (0.6ms)[0m  [1mSELECT `owners`.* FROM `owners` WHERE (startup_id = '18' AND user_id = 1)[0m
  [1m[35mStartup Load (0.3ms)[0m  SELECT `startups`.* FROM `startups` WHERE `startups`.`id` = 18 LIMIT 1
  [1m[36mUser Load (0.5ms)[0m  [1mSELECT `users`.* FROM `users` [0m
  [1m[35mCACHE (0.0ms)[0m  SELECT `users`.* FROM `users` 
  [1m[36mUser Load (0.5ms)[0m  [1mSELECT `users`.* FROM `users` INNER JOIN `owners` ON `users`.`id` = `owners`.`user_id` WHERE `owners`.`startup_id` = 18[0m
  [1m[35mUser Load (0.4ms)[0m  SELECT `users`.* FROM `users` INNER JOIN `followers` ON `users`.`id` = `followers`.`user_id` WHERE `followers`.`startup_id` = 18
  Rendered startups/_nav.html.erb (3.4ms)
  [1m[36mTag Load (0.2ms)[0m  [1mSELECT `tags`.* FROM `tags` WHERE `tags`.`startup_id` = 18[0m
  Rendered investors/_people.html.erb (4.1ms)
  Rendered investors/_people.html.erb (3.3ms)
  Rendered investors/_person.html.erb (1.5ms)
  Rendered investors/_person.html.erb (0.0ms)
  Rendered startups/circle.html.erb within layouts/hatcher (175.4ms)
  [1m[35mCACHE (0.0ms)[0m  SELECT `users`.* FROM `users` WHERE `users`.`id` = 1 LIMIT 1
  [1m[36m (0.4ms)[0m  [1mSELECT COUNT(*) FROM `owners` WHERE `owners`.`user_id` = 1[0m
  [1m[35mStartup Load (0.5ms)[0m  SELECT `startups`.* FROM `startups` INNER JOIN `owners` ON `startups`.`id` = `owners`.`startup_id` WHERE `owners`.`user_id` = 1
Completed 200 OK in 1113ms (Views: 57.3ms | ActiveRecord: 648.2ms)


Started GET "/assets/bootstrap.css" for 127.0.0.1 at 2013-08-15 09:14:33 -0700
Served asset /bootstrap.css - 304 Not Modified (0ms)


Started GET "/assets/application.css" for 127.0.0.1 at 2013-08-15 09:14:33 -0700
Served asset /application.css - 304 Not Modified (0ms)


Started GET "/assets/bootstrap-modal.js" for 127.0.0.1 at 2013-08-15 09:14:33 -0700
Served asset /bootstrap-modal.js - 304 Not Modified (0ms)


Started GET "/assets/application.js" for 127.0.0.1 at 2013-08-15 09:14:33 -0700
Served asset /application.js - 304 Not Modified (0ms)


Started GET "/assets/jquery.min.map" for 127.0.0.1 at 2013-08-15 09:14:33 -0700
Served asset /jquery.min.map - 304 Not Modified (0ms)


Started POST "/circles/add_circle" for 127.0.0.1 at 2013-08-15 09:14:35 -0700
Processing by CirclesController#add_circle as JS
  Parameters: {"utf8"=>"✓", "authenticity_token"=>"xYxHmfRUgZWQY9kvsNzjVoUwsStWKlYcLZVvmAcPO/M=", "circle_status"=>"1", "commit"=>"submit"}
  [1m[36mUser Load (0.4ms)[0m  [1mSELECT `users`.* FROM `users` WHERE `users`.`id` = 1 LIMIT 1[0m
  [1m[35mStartup Load (0.7ms)[0m  SELECT `startups`.* FROM `startups` INNER JOIN `owners` ON `startups`.`id` = `owners`.`startup_id` WHERE `owners`.`user_id` = 1 LIMIT 1
  [1m[36mStartup Load (0.4ms)[0m  [1mSELECT `startups`.* FROM `startups` WHERE `startups`.`id` = 7 LIMIT 1[0m
  [1m[35mUser Load (0.3ms)[0m  SELECT `users`.* FROM `users` INNER JOIN `circles` ON `users`.`id` = `circles`.`user_id` WHERE `circles`.`startup_id` = 7
  Rendered circles/add_circle.js.erb (0.1ms)
Completed 200 OK in 21ms (Views: 5.5ms | ActiveRecord: 4.2ms)


Started GET "/investors/follower_info?action_type=add_circle&id=2" for 127.0.0.1 at 2013-08-15 09:14:36 -0700
Processing by InvestorsController#follower_info as JS
  Parameters: {"action_type"=>"add_circle", "id"=>"2"}
  [1m[36mUser Load (0.4ms)[0m  [1mSELECT `users`.* FROM `users` WHERE `users`.`id` = 2 LIMIT 1[0m
  [1m[35mStartup Load (0.4ms)[0m  SELECT `startups`.* FROM `startups` INNER JOIN `owners` ON `startups`.`id` = `owners`.`startup_id` WHERE `owners`.`user_id` = 2
  Rendered investors/follower_info.js.erb (2.6ms)
Completed 200 OK in 11ms (Views: 8.8ms | ActiveRecord: 0.8ms)


Started POST "/circles/add_person" for 127.0.0.1 at 2013-08-15 09:14:37 -0700
Processing by CirclesController#add_person as JS
  Parameters: {"utf8"=>"✓", "authenticity_token"=>"xYxHmfRUgZWQY9kvsNzjVoUwsStWKlYcLZVvmAcPO/M=", "user_id"=>"2", "commit"=>"submit"}
  [1m[36mUser Load (0.4ms)[0m  [1mSELECT `users`.* FROM `users` WHERE `users`.`id` = 1 LIMIT 1[0m
  [1m[35mStartup Load (0.3ms)[0m  SELECT `startups`.* FROM `startups` INNER JOIN `owners` ON `startups`.`id` = `owners`.`startup_id` WHERE `owners`.`user_id` = 1 LIMIT 1
  [1m[36mStartup Load (0.3ms)[0m  [1mSELECT `startups`.* FROM `startups` WHERE `startups`.`id` = 7 LIMIT 1[0m
Completed 500 Internal Server Error in 10ms

ActionView::MissingTemplate (Missing template circles/add_person, application/add_person with {:locale=>[:en], :formats=>[:js, "application/ecmascript", "application/x-ecmascript", :html, :text, :js, :css, :ics, :csv, :png, :jpeg, :gif, :bmp, :tiff, :mpeg, :xml, :rss, :atom, :yaml, :multipart_form, :url_encoded_form, :json, :pdf, :zip], :handlers=>[:erb, :builder, :coffee]}. Searched in:
  * "/Users/sergeyastretsov/Learn/heroku/prototype_0.2/app/views"
):
  actionpack (3.2.11) lib/action_view/path_set.rb:58:in `find'
  actionpack (3.2.11) lib/action_view/lookup_context.rb:109:in `find'
  actionpack (3.2.11) lib/action_view/renderer/abstract_renderer.rb:3:in `find_template'
  actionpack (3.2.11) lib/action_view/renderer/template_renderer.rb:34:in `determine_template'
  actionpack (3.2.11) lib/action_view/renderer/template_renderer.rb:10:in `render'
  actionpack (3.2.11) lib/action_view/renderer/renderer.rb:36:in `render_template'
  actionpack (3.2.11) lib/action_view/renderer/renderer.rb:17:in `render'
  actionpack (3.2.11) lib/abstract_controller/rendering.rb:110:in `_render_template'
  actionpack (3.2.11) lib/action_controller/metal/streaming.rb:225:in `_render_template'
  actionpack (3.2.11) lib/abstract_controller/rendering.rb:103:in `render_to_body'
  actionpack (3.2.11) lib/action_controller/metal/renderers.rb:28:in `render_to_body'
  actionpack (3.2.11) lib/action_controller/metal/compatibility.rb:50:in `render_to_body'
  actionpack (3.2.11) lib/abstract_controller/rendering.rb:88:in `render'
  actionpack (3.2.11) lib/action_controller/metal/rendering.rb:16:in `render'
  actionpack (3.2.11) lib/action_controller/metal/instrumentation.rb:40:in `block (2 levels) in render'
  activesupport (3.2.11) lib/active_support/core_ext/benchmark.rb:5:in `block in ms'
  /Users/sergeyastretsov/.rvm/rubies/ruby-1.9.3-p362/lib/ruby/1.9.1/benchmark.rb:295:in `realtime'
  activesupport (3.2.11) lib/active_support/core_ext/benchmark.rb:5:in `ms'
  actionpack (3.2.11) lib/action_controller/metal/instrumentation.rb:40:in `block in render'
  actionpack (3.2.11) lib/action_controller/metal/instrumentation.rb:83:in `cleanup_view_runtime'
  activerecord (3.2.11) lib/active_record/railties/controller_runtime.rb:24:in `cleanup_view_runtime'
  actionpack (3.2.11) lib/action_controller/metal/instrumentation.rb:39:in `render'
  actionpack (3.2.11) lib/action_controller/metal/implicit_render.rb:10:in `default_render'
  actionpack (3.2.11) lib/action_controller/metal/implicit_render.rb:5:in `send_action'
  actionpack (3.2.11) lib/abstract_controller/base.rb:167:in `process_action'
  actionpack (3.2.11) lib/action_controller/metal/rendering.rb:10:in `process_action'
  actionpack (3.2.11) lib/abstract_controller/callbacks.rb:18:in `block in process_action'
  activesupport (3.2.11) lib/active_support/callbacks.rb:425:in `_run__639459588834009526__process_action__955796568951603565__callbacks'
  activesupport (3.2.11) lib/active_support/callbacks.rb:405:in `__run_callback'
  activesupport (3.2.11) lib/active_support/callbacks.rb:385:in `_run_process_action_callbacks'
  activesupport (3.2.11) lib/active_support/callbacks.rb:81:in `run_callbacks'
  actionpack (3.2.11) lib/abstract_controller/callbacks.rb:17:in `process_action'
  actionpack (3.2.11) lib/action_controller/metal/rescue.rb:29:in `process_action'
  actionpack (3.2.11) lib/action_controller/metal/instrumentation.rb:30:in `block in process_action'
  activesupport (3.2.11) lib/active_support/notifications.rb:123:in `block in instrument'
  activesupport (3.2.11) lib/active_support/notifications/instrumenter.rb:20:in `instrument'
  activesupport (3.2.11) lib/active_support/notifications.rb:123:in `instrument'
  actionpack (3.2.11) lib/action_controller/metal/instrumentation.rb:29:in `process_action'
  actionpack (3.2.11) lib/action_controller/metal/params_wrapper.rb:207:in `process_action'
  activerecord (3.2.11) lib/active_record/railties/controller_runtime.rb:18:in `process_action'
  actionpack (3.2.11) lib/abstract_controller/base.rb:121:in `process'
  actionpack (3.2.11) lib/abstract_controller/rendering.rb:45:in `process'
  actionpack (3.2.11) lib/action_controller/metal.rb:203:in `dispatch'
  actionpack (3.2.11) lib/action_controller/metal/rack_delegation.rb:14:in `dispatch'
  actionpack (3.2.11) lib/action_controller/metal.rb:246:in `block in action'
  actionpack (3.2.11) lib/action_dispatch/routing/route_set.rb:73:in `call'
  actionpack (3.2.11) lib/action_dispatch/routing/route_set.rb:73:in `dispatch'
  actionpack (3.2.11) lib/action_dispatch/routing/route_set.rb:36:in `call'
  journey (1.0.4) lib/journey/router.rb:68:in `block in call'
  journey (1.0.4) lib/journey/router.rb:56:in `each'
  journey (1.0.4) lib/journey/router.rb:56:in `call'
  actionpack (3.2.11) lib/action_dispatch/routing/route_set.rb:601:in `call'
  actionpack (3.2.11) lib/action_dispatch/middleware/best_standards_support.rb:17:in `call'
  rack (1.4.5) lib/rack/etag.rb:23:in `call'
  rack (1.4.5) lib/rack/conditionalget.rb:35:in `call'
  actionpack (3.2.11) lib/action_dispatch/middleware/head.rb:14:in `call'
  actionpack (3.2.11) lib/action_dispatch/middleware/params_parser.rb:21:in `call'
  actionpack (3.2.11) lib/action_dispatch/middleware/flash.rb:242:in `call'
  rack (1.4.5) lib/rack/session/abstract/id.rb:210:in `context'
  rack (1.4.5) lib/rack/session/abstract/id.rb:205:in `call'
  actionpack (3.2.11) lib/action_dispatch/middleware/cookies.rb:341:in `call'
  activerecord (3.2.11) lib/active_record/query_cache.rb:64:in `call'
  activerecord (3.2.11) lib/active_record/connection_adapters/abstract/connection_pool.rb:479:in `call'
  actionpack (3.2.11) lib/action_dispatch/middleware/callbacks.rb:28:in `block in call'
  activesupport (3.2.11) lib/active_support/callbacks.rb:405:in `_run__945442546924571082__call__3381606374261717169__callbacks'
  activesupport (3.2.11) lib/active_support/callbacks.rb:405:in `__run_callback'
  activesupport (3.2.11) lib/active_support/callbacks.rb:385:in `_run_call_callbacks'
  activesupport (3.2.11) lib/active_support/callbacks.rb:81:in `run_callbacks'
  actionpack (3.2.11) lib/action_dispatch/middleware/callbacks.rb:27:in `call'
  actionpack (3.2.11) lib/action_dispatch/middleware/reloader.rb:65:in `call'
  actionpack (3.2.11) lib/action_dispatch/middleware/remote_ip.rb:31:in `call'
  actionpack (3.2.11) lib/action_dispatch/middleware/debug_exceptions.rb:16:in `call'
  actionpack (3.2.11) lib/action_dispatch/middleware/show_exceptions.rb:56:in `call'
  railties (3.2.11) lib/rails/rack/logger.rb:32:in `call_app'
  railties (3.2.11) lib/rails/rack/logger.rb:16:in `block in call'
  activesupport (3.2.11) lib/active_support/tagged_logging.rb:22:in `tagged'
  railties (3.2.11) lib/rails/rack/logger.rb:16:in `call'
  actionpack (3.2.11) lib/action_dispatch/middleware/request_id.rb:22:in `call'
  rack (1.4.5) lib/rack/methodoverride.rb:21:in `call'
  rack (1.4.5) lib/rack/runtime.rb:17:in `call'
  activesupport (3.2.11) lib/active_support/cache/strategy/local_cache.rb:72:in `call'
  rack (1.4.5) lib/rack/lock.rb:15:in `call'
  actionpack (3.2.11) lib/action_dispatch/middleware/static.rb:62:in `call'
  railties (3.2.11) lib/rails/engine.rb:479:in `call'
  railties (3.2.11) lib/rails/application.rb:223:in `call'
  rack (1.4.5) lib/rack/content_length.rb:14:in `call'
  railties (3.2.11) lib/rails/rack/log_tailer.rb:17:in `call'
  rack (1.4.5) lib/rack/handler/webrick.rb:59:in `service'
  /Users/sergeyastretsov/.rvm/rubies/ruby-1.9.3-p362/lib/ruby/1.9.1/webrick/httpserver.rb:138:in `service'
  /Users/sergeyastretsov/.rvm/rubies/ruby-1.9.3-p362/lib/ruby/1.9.1/webrick/httpserver.rb:94:in `run'
  /Users/sergeyastretsov/.rvm/rubies/ruby-1.9.3-p362/lib/ruby/1.9.1/webrick/server.rb:191:in `block in start_thread'


  Rendered /Users/sergeyastretsov/.rvm/gems/ruby-1.9.3-p362/gems/actionpack-3.2.11/lib/action_dispatch/middleware/templates/rescues/missing_template.erb within rescues/layout (0.5ms)


Started GET "/startups/circle?id=18" for 127.0.0.1 at 2013-08-15 09:15:58 -0700
Processing by StartupsController#circle as HTML
  Parameters: {"id"=>"18"}
  [1m[35mUser Load (0.3ms)[0m  SELECT `users`.* FROM `users` WHERE `users`.`id` = 1 LIMIT 1
  [1m[36mOwner Load (0.3ms)[0m  [1mSELECT `owners`.* FROM `owners` WHERE (startup_id = '18' AND user_id = 1)[0m
  [1m[35mStartup Load (0.3ms)[0m  SELECT `startups`.* FROM `startups` WHERE `startups`.`id` = 18 LIMIT 1
  [1m[36mUser Load (0.4ms)[0m  [1mSELECT `users`.* FROM `users` [0m
  [1m[35mCACHE (0.0ms)[0m  SELECT `users`.* FROM `users` 
  [1m[36mUser Load (0.4ms)[0m  [1mSELECT `users`.* FROM `users` INNER JOIN `owners` ON `users`.`id` = `owners`.`user_id` WHERE `owners`.`startup_id` = 18[0m
  [1m[35mUser Load (0.3ms)[0m  SELECT `users`.* FROM `users` INNER JOIN `followers` ON `users`.`id` = `followers`.`user_id` WHERE `followers`.`startup_id` = 18
  Rendered startups/_nav.html.erb (1.4ms)
  [1m[36mTag Load (0.4ms)[0m  [1mSELECT `tags`.* FROM `tags` WHERE `tags`.`startup_id` = 18[0m
  Rendered investors/_people.html.erb (242.0ms)
  Rendered investors/_people.html.erb (3.7ms)
  Rendered investors/_person.html.erb (1.8ms)
  Rendered investors/_person.html.erb (0.0ms)
  Rendered startups/circle.html.erb within layouts/hatcher (387.3ms)
  [1m[35mCACHE (0.0ms)[0m  SELECT `users`.* FROM `users` WHERE `users`.`id` = 1 LIMIT 1
  [1m[36m (4.5ms)[0m  [1mSELECT COUNT(*) FROM `owners` WHERE `owners`.`user_id` = 1[0m
  [1m[35mStartup Load (1.4ms)[0m  SELECT `startups`.* FROM `startups` INNER JOIN `owners` ON `startups`.`id` = `owners`.`startup_id` WHERE `owners`.`user_id` = 1
Completed 200 OK in 588ms (Views: 406.0ms | ActiveRecord: 24.2ms)


Started GET "/assets/bootstrap.css" for 127.0.0.1 at 2013-08-15 09:15:59 -0700
Served asset /bootstrap.css - 304 Not Modified (0ms)


Started GET "/assets/application.js" for 127.0.0.1 at 2013-08-15 09:15:59 -0700
Served asset /application.js - 304 Not Modified (0ms)


Started GET "/assets/application.css" for 127.0.0.1 at 2013-08-15 09:15:59 -0700
Served asset /application.css - 304 Not Modified (0ms)


Started GET "/assets/bootstrap-modal.js" for 127.0.0.1 at 2013-08-15 09:15:59 -0700
Served asset /bootstrap-modal.js - 304 Not Modified (0ms)


Started GET "/assets/jquery.min.map" for 127.0.0.1 at 2013-08-15 09:15:59 -0700
Served asset /jquery.min.map - 304 Not Modified (0ms)


Started POST "/circles/add_circle" for 127.0.0.1 at 2013-08-15 09:16:01 -0700
Processing by CirclesController#add_circle as JS
  Parameters: {"utf8"=>"✓", "authenticity_token"=>"xYxHmfRUgZWQY9kvsNzjVoUwsStWKlYcLZVvmAcPO/M=", "circle_status"=>"1", "commit"=>"submit"}
  [1m[36mUser Load (0.4ms)[0m  [1mSELECT `users`.* FROM `users` WHERE `users`.`id` = 1 LIMIT 1[0m
  [1m[35mStartup Load (0.5ms)[0m  SELECT `startups`.* FROM `startups` INNER JOIN `owners` ON `startups`.`id` = `owners`.`startup_id` WHERE `owners`.`user_id` = 1 LIMIT 1
  [1m[36mStartup Load (0.5ms)[0m  [1mSELECT `startups`.* FROM `startups` WHERE `startups`.`id` = 7 LIMIT 1[0m
  [1m[35mUser Load (0.3ms)[0m  SELECT `users`.* FROM `users` INNER JOIN `circles` ON `users`.`id` = `circles`.`user_id` WHERE `circles`.`startup_id` = 7
  Rendered circles/add_circle.js.erb (0.1ms)
Completed 200 OK in 23ms (Views: 5.3ms | ActiveRecord: 4.8ms)


Started GET "/investors/follower_info?action_type=add_circle&id=2" for 127.0.0.1 at 2013-08-15 09:16:03 -0700
Processing by InvestorsController#follower_info as JS
  Parameters: {"action_type"=>"add_circle", "id"=>"2"}
  [1m[36mUser Load (0.4ms)[0m  [1mSELECT `users`.* FROM `users` WHERE `users`.`id` = 2 LIMIT 1[0m
  [1m[35mStartup Load (0.4ms)[0m  SELECT `startups`.* FROM `startups` INNER JOIN `owners` ON `startups`.`id` = `owners`.`startup_id` WHERE `owners`.`user_id` = 2
  Rendered investors/follower_info.js.erb (2.5ms)
Completed 200 OK in 11ms (Views: 8.8ms | ActiveRecord: 0.8ms)


Started POST "/circles/add_person" for 127.0.0.1 at 2013-08-15 09:16:04 -0700
Processing by CirclesController#add_person as JS
  Parameters: {"utf8"=>"✓", "authenticity_token"=>"xYxHmfRUgZWQY9kvsNzjVoUwsStWKlYcLZVvmAcPO/M=", "user_id"=>"2", "commit"=>"submit"}
  [1m[36mUser Load (0.4ms)[0m  [1mSELECT `users`.* FROM `users` WHERE `users`.`id` = 1 LIMIT 1[0m
  [1m[35mStartup Load (0.8ms)[0m  SELECT `startups`.* FROM `startups` INNER JOIN `owners` ON `startups`.`id` = `owners`.`startup_id` WHERE `owners`.`user_id` = 1 LIMIT 1
  [1m[36mStartup Load (1.7ms)[0m  [1mSELECT `startups`.* FROM `startups` WHERE `startups`.`id` = 7 LIMIT 1[0m
  [1m[35mUser Load (0.4ms)[0m  SELECT `users`.* FROM `users` WHERE `users`.`id` = 2 LIMIT 1
  [1m[36mCircle Load (0.3ms)[0m  [1mSELECT `circles`.* FROM `circles` WHERE (user_id = '2' AND startup_id = 7)[0m
  [1m[35m (0.2ms)[0m  BEGIN
  [1m[36mSQL (0.6ms)[0m  [1mINSERT INTO `circles` (`created_at`, `startup_id`, `status`, `updated_at`, `user_id`) VALUES ('2013-08-15 16:16:04', 7, 1, '2013-08-15 16:16:04', 2)[0m
  [1m[35m (1.1ms)[0m  COMMIT
  [1m[36mUser Load (0.6ms)[0m  [1mSELECT `users`.* FROM `users` INNER JOIN `circles` ON `users`.`id` = `circles`.`user_id` WHERE `circles`.`startup_id` = 7[0m
  Rendered circles/add_circle.js.erb (0.6ms)
Completed 200 OK in 38ms (Views: 5.4ms | ActiveRecord: 6.2ms)


Started GET "/investors/follower_info?action_type=add_circle&id=4" for 127.0.0.1 at 2013-08-15 09:16:06 -0700
Processing by InvestorsController#follower_info as JS
  Parameters: {"action_type"=>"add_circle", "id"=>"4"}
  [1m[35mUser Load (0.4ms)[0m  SELECT `users`.* FROM `users` WHERE `users`.`id` = 4 LIMIT 1
  [1m[36mStartup Load (0.4ms)[0m  [1mSELECT `startups`.* FROM `startups` INNER JOIN `owners` ON `startups`.`id` = `owners`.`startup_id` WHERE `owners`.`user_id` = 4[0m
  Rendered investors/follower_info.js.erb (2.2ms)
Completed 200 OK in 10ms (Views: 7.9ms | ActiveRecord: 0.8ms)


Started POST "/circles/add_person" for 127.0.0.1 at 2013-08-15 09:16:07 -0700
Processing by CirclesController#add_person as JS
  Parameters: {"utf8"=>"✓", "authenticity_token"=>"xYxHmfRUgZWQY9kvsNzjVoUwsStWKlYcLZVvmAcPO/M=", "user_id"=>"4", "commit"=>"submit"}
  [1m[35mUser Load (2.1ms)[0m  SELECT `users`.* FROM `users` WHERE `users`.`id` = 1 LIMIT 1
  [1m[36mStartup Load (0.7ms)[0m  [1mSELECT `startups`.* FROM `startups` INNER JOIN `owners` ON `startups`.`id` = `owners`.`startup_id` WHERE `owners`.`user_id` = 1 LIMIT 1[0m
  [1m[35mStartup Load (0.8ms)[0m  SELECT `startups`.* FROM `startups` WHERE `startups`.`id` = 7 LIMIT 1
  [1m[36mUser Load (0.4ms)[0m  [1mSELECT `users`.* FROM `users` WHERE `users`.`id` = 4 LIMIT 1[0m
  [1m[35mCircle Load (0.4ms)[0m  SELECT `circles`.* FROM `circles` WHERE (user_id = '4' AND startup_id = 7)
  [1m[36m (0.4ms)[0m  [1mBEGIN[0m
  [1m[35mSQL (0.4ms)[0m  INSERT INTO `circles` (`created_at`, `startup_id`, `status`, `updated_at`, `user_id`) VALUES ('2013-08-15 16:16:07', 7, 1, '2013-08-15 16:16:07', 4)
  [1m[36m (1.4ms)[0m  [1mCOMMIT[0m
  [1m[35mUser Load (1.5ms)[0m  SELECT `users`.* FROM `users` INNER JOIN `circles` ON `users`.`id` = `circles`.`user_id` WHERE `circles`.`startup_id` = 7
  Rendered circles/add_circle.js.erb (0.9ms)
Completed 200 OK in 26ms (Views: 7.5ms | ActiveRecord: 8.2ms)


Started GET "/investors/follower_info?action_type=add_circle&id=2" for 127.0.0.1 at 2013-08-15 09:16:15 -0700
Processing by InvestorsController#follower_info as JS
  Parameters: {"action_type"=>"add_circle", "id"=>"2"}
  [1m[36mUser Load (0.4ms)[0m  [1mSELECT `users`.* FROM `users` WHERE `users`.`id` = 2 LIMIT 1[0m
  [1m[35mStartup Load (0.4ms)[0m  SELECT `startups`.* FROM `startups` INNER JOIN `owners` ON `startups`.`id` = `owners`.`startup_id` WHERE `owners`.`user_id` = 2
  Rendered investors/follower_info.js.erb (2.5ms)
Completed 200 OK in 10ms (Views: 8.3ms | ActiveRecord: 0.8ms)


Started POST "/circles/add_person" for 127.0.0.1 at 2013-08-15 09:16:16 -0700
Processing by CirclesController#add_person as JS
  Parameters: {"utf8"=>"✓", "authenticity_token"=>"xYxHmfRUgZWQY9kvsNzjVoUwsStWKlYcLZVvmAcPO/M=", "user_id"=>"2", "commit"=>"submit"}
  [1m[36mUser Load (2.2ms)[0m  [1mSELECT `users`.* FROM `users` WHERE `users`.`id` = 1 LIMIT 1[0m
  [1m[35mStartup Load (3.0ms)[0m  SELECT `startups`.* FROM `startups` INNER JOIN `owners` ON `startups`.`id` = `owners`.`startup_id` WHERE `owners`.`user_id` = 1 LIMIT 1
  [1m[36mStartup Load (0.9ms)[0m  [1mSELECT `startups`.* FROM `startups` WHERE `startups`.`id` = 7 LIMIT 1[0m
  [1m[35mUser Load (0.3ms)[0m  SELECT `users`.* FROM `users` WHERE `users`.`id` = 2 LIMIT 1
  [1m[36mCircle Load (0.3ms)[0m  [1mSELECT `circles`.* FROM `circles` WHERE (user_id = '2' AND startup_id = 7)[0m
  [1m[35mUser Load (0.7ms)[0m  SELECT `users`.* FROM `users` INNER JOIN `circles` ON `users`.`id` = `circles`.`user_id` WHERE `circles`.`startup_id` = 7
  Rendered circles/add_circle.js.erb (0.7ms)
Completed 200 OK in 22ms (Views: 5.3ms | ActiveRecord: 7.4ms)
