Connecting to database specified by database.yml
Compiled jquery.js  (53ms)  (pid 16527)
Compiled jquery_ujs.js  (0ms)  (pid 16527)
Compiled bootstrap-carousel.js  (2ms)  (pid 16527)
Compiled bootstrap-collapse.js  (1ms)  (pid 16527)
Compiled bootstrap-dropdown.js  (0ms)  (pid 16527)
Compiled bootstrap-modal.js  (1ms)  (pid 16527)
Compiled bootstrap-transitions.js  (0ms)  (pid 16527)
Compiled jquery-1.9.1.min.js  (2ms)  (pid 16527)
Compiled likes.js  (209ms)  (pid 16527)
Compiled application.js  (431ms)  (pid 16527)
Compiled application.css  (195ms)  (pid 16527)
Compiled authentications.css  (0ms)  (pid 16527)
Compiled bootstrap.css  (1ms)  (pid 16527)
Compiled campaigns.css  (0ms)  (pid 16527)
Compiled startups.css  (0ms)  (pid 16527)
Compiled users.css  (0ms)  (pid 16527)
Connecting to database specified by database.yml
Compiled jquery.js  (58ms)  (pid 16527)
Compiled jquery_ujs.js  (0ms)  (pid 16527)
Compiled bootstrap-carousel.js  (0ms)  (pid 16527)
Compiled bootstrap-collapse.js  (0ms)  (pid 16527)
Compiled bootstrap-dropdown.js  (0ms)  (pid 16527)
Compiled bootstrap-modal.js  (0ms)  (pid 16527)
Compiled bootstrap-transitions.js  (0ms)  (pid 16527)
Compiled jquery-1.9.1.min.js  (2ms)  (pid 16527)
Compiled likes.js  (161ms)  (pid 16527)
Compiled application.js  (283ms)  (pid 16527)
Compiled application.css  (233ms)  (pid 16527)
Compiled authentications.css  (0ms)  (pid 16527)
Compiled bootstrap.css  (1ms)  (pid 16527)
Compiled campaigns.css  (0ms)  (pid 16527)
Compiled startups.css  (0ms)  (pid 16527)
Compiled users.css  (0ms)  (pid 16527)
